2024-10-24 21:48:33,766 - INFO - Запрос данных с страницы 1.
2024-10-24 21:48:38,081 - INFO - Получено 28 объектов на странице 1.
2024-10-24 21:48:38,081 - WARNING - Нет информации о метро для квартиры на странице 1
2024-10-24 21:48:38,082 - WARNING - Отсутствуют данные 'total_floors' на странице 1 для квартиры.
2024-10-24 21:48:38,082 - WARNING - Отсутствуют данные 'square' на странице 1 для квартиры.
2024-10-24 21:48:38,082 - WARNING - Отсутствуют данные 'kitchen_square' на странице 1 для квартиры.
2024-10-24 21:48:38,082 - WARNING - Нет информации о метро для квартиры на странице 1
2024-10-24 21:48:38,083 - WARNING - Отсутствуют данные 'total_floors' на странице 1 для квартиры.
2024-10-24 21:48:38,083 - WARNING - Отсутствуют данные 'square' на странице 1 для квартиры.
2024-10-24 21:48:38,083 - WARNING - Отсутствуют данные 'kitchen_square' на странице 1 для квартиры.
2024-10-24 21:48:38,083 - WARNING - Нет информации о метро для квартиры на странице 1
2024-10-24 21:48:38,083 - WARNING - Отсутствуют данные 'total_floors' на странице 1 для квартиры.
2024-10-24 21:48:38,084 - WARNING - Отсутствуют данные 'square' на странице 1 для квартиры.
2024-10-24 21:48:38,084 - WARNING - Отсутствуют данные 'kitchen_square' на странице 1 для квартиры.
2024-10-24 21:48:38,084 - WARNING - Нет информации о метро для квартиры на странице 1
2024-10-24 21:48:38,084 - WARNING - Отсутствуют данные 'total_floors' на странице 1 для квартиры.
2024-10-24 21:48:38,084 - WARNING - Отсутствуют данные 'square' на странице 1 для квартиры.
2024-10-24 21:48:38,084 - WARNING - Отсутствуют данные 'kitchen_square' на странице 1 для квартиры.
2024-10-24 21:48:38,084 - WARNING - Нет информации о метро для квартиры на странице 1
2024-10-24 21:48:38,085 - WARNING - Отсутствуют данные 'total_floors' на странице 1 для квартиры.
2024-10-24 21:48:38,085 - WARNING - Отсутствуют данные 'square' на странице 1 для квартиры.
2024-10-24 21:48:38,085 - WARNING - Отсутствуют данные 'kitchen_square' на странице 1 для квартиры.
2024-10-24 21:48:38,085 - WARNING - Нет информации о метро для квартиры на странице 1
2024-10-24 21:48:38,085 - WARNING - Отсутствуют данные 'total_floors' на странице 1 для квартиры.
2024-10-24 21:48:38,086 - WARNING - Отсутствуют данные 'square' на странице 1 для квартиры.
2024-10-24 21:48:38,086 - WARNING - Отсутствуют данные 'kitchen_square' на странице 1 для квартиры.
2024-10-24 21:48:38,086 - WARNING - Нет информации о метро для квартиры на странице 1
2024-10-24 21:48:38,086 - WARNING - Отсутствуют данные 'total_floors' на странице 1 для квартиры.
2024-10-24 21:48:38,086 - WARNING - Отсутствуют данные 'square' на странице 1 для квартиры.
2024-10-24 21:48:38,086 - WARNING - Отсутствуют данные 'kitchen_square' на странице 1 для квартиры.
2024-10-24 21:48:38,087 - WARNING - Нет информации о метро для квартиры на странице 1
2024-10-24 21:48:38,087 - WARNING - Отсутствуют данные 'total_floors' на странице 1 для квартиры.
2024-10-24 21:48:38,087 - WARNING - Отсутствуют данные 'square' на странице 1 для квартиры.
2024-10-24 21:48:38,087 - WARNING - Отсутствуют данные 'kitchen_square' на странице 1 для квартиры.
2024-10-24 21:48:38,087 - WARNING - Нет информации о метро для квартиры на странице 1
2024-10-24 21:48:38,087 - WARNING - Отсутствуют данные 'total_floors' на странице 1 для квартиры.
2024-10-24 21:48:38,088 - WARNING - Отсутствуют данные 'square' на странице 1 для квартиры.
2024-10-24 21:48:38,088 - WARNING - Отсутствуют данные 'kitchen_square' на странице 1 для квартиры.
2024-10-24 21:48:38,088 - WARNING - Нет информации о метро для квартиры на странице 1
2024-10-24 21:48:38,088 - WARNING - Отсутствуют данные 'total_floors' на странице 1 для квартиры.
2024-10-24 21:48:38,088 - WARNING - Отсутствуют данные 'square' на странице 1 для квартиры.
2024-10-24 21:48:38,088 - WARNING - Отсутствуют данные 'kitchen_square' на странице 1 для квартиры.
2024-10-24 21:48:38,088 - WARNING - Нет информации о метро для квартиры на странице 1
2024-10-24 21:48:38,088 - WARNING - Отсутствуют данные 'total_floors' на странице 1 для квартиры.
2024-10-24 21:48:38,089 - WARNING - Отсутствуют данные 'square' на странице 1 для квартиры.
2024-10-24 21:48:38,089 - WARNING - Отсутствуют данные 'kitchen_square' на странице 1 для квартиры.
2024-10-24 21:48:38,089 - WARNING - Нет информации о метро для квартиры на странице 1
2024-10-24 21:48:38,089 - WARNING - Отсутствуют данные 'total_floors' на странице 1 для квартиры.
2024-10-24 21:48:38,089 - WARNING - Отсутствуют данные 'square' на странице 1 для квартиры.
2024-10-24 21:48:38,089 - WARNING - Отсутствуют данные 'kitchen_square' на странице 1 для квартиры.
2024-10-24 21:48:38,090 - WARNING - Нет информации о метро для квартиры на странице 1
2024-10-24 21:48:38,090 - WARNING - Отсутствуют данные 'total_floors' на странице 1 для квартиры.
2024-10-24 21:48:38,090 - WARNING - Отсутствуют данные 'square' на странице 1 для квартиры.
2024-10-24 21:48:38,090 - WARNING - Отсутствуют данные 'kitchen_square' на странице 1 для квартиры.
2024-10-24 21:48:38,090 - WARNING - Нет информации о метро для квартиры на странице 1
2024-10-24 21:48:38,090 - WARNING - Отсутствуют данные 'total_floors' на странице 1 для квартиры.
2024-10-24 21:48:38,091 - WARNING - Отсутствуют данные 'square' на странице 1 для квартиры.
2024-10-24 21:48:38,091 - WARNING - Отсутствуют данные 'kitchen_square' на странице 1 для квартиры.
2024-10-24 21:48:38,091 - WARNING - Нет информации о метро для квартиры на странице 1
2024-10-24 21:48:38,091 - WARNING - Отсутствуют данные 'total_floors' на странице 1 для квартиры.
2024-10-24 21:48:38,091 - WARNING - Отсутствуют данные 'square' на странице 1 для квартиры.
2024-10-24 21:48:38,092 - WARNING - Отсутствуют данные 'kitchen_square' на странице 1 для квартиры.
2024-10-24 21:48:38,092 - WARNING - Нет информации о метро для квартиры на странице 1
2024-10-24 21:48:38,092 - WARNING - Отсутствуют данные 'total_floors' на странице 1 для квартиры.
2024-10-24 21:48:38,093 - WARNING - Отсутствуют данные 'square' на странице 1 для квартиры.
2024-10-24 21:48:38,093 - WARNING - Отсутствуют данные 'kitchen_square' на странице 1 для квартиры.
2024-10-24 21:48:38,093 - WARNING - Нет информации о метро для квартиры на странице 1
2024-10-24 21:48:38,093 - WARNING - Отсутствуют данные 'total_floors' на странице 1 для квартиры.
2024-10-24 21:48:38,093 - WARNING - Отсутствуют данные 'square' на странице 1 для квартиры.
2024-10-24 21:48:38,093 - WARNING - Отсутствуют данные 'kitchen_square' на странице 1 для квартиры.
2024-10-24 21:48:38,094 - WARNING - Нет информации о метро для квартиры на странице 1
2024-10-24 21:48:38,094 - WARNING - Отсутствуют данные 'total_floors' на странице 1 для квартиры.
2024-10-24 21:48:38,094 - WARNING - Отсутствуют данные 'square' на странице 1 для квартиры.
2024-10-24 21:48:38,094 - WARNING - Отсутствуют данные 'kitchen_square' на странице 1 для квартиры.
2024-10-24 21:48:38,094 - WARNING - Нет информации о метро для квартиры на странице 1
2024-10-24 21:48:38,095 - WARNING - Отсутствуют данные 'total_floors' на странице 1 для квартиры.
2024-10-24 21:48:38,095 - WARNING - Отсутствуют данные 'square' на странице 1 для квартиры.
2024-10-24 21:48:38,095 - WARNING - Отсутствуют данные 'kitchen_square' на странице 1 для квартиры.
2024-10-24 21:48:38,096 - WARNING - Нет информации о метро для квартиры на странице 1
2024-10-24 21:48:38,096 - WARNING - Отсутствуют данные 'total_floors' на странице 1 для квартиры.
2024-10-24 21:48:38,096 - WARNING - Отсутствуют данные 'square' на странице 1 для квартиры.
2024-10-24 21:48:38,096 - WARNING - Отсутствуют данные 'kitchen_square' на странице 1 для квартиры.
2024-10-24 21:48:38,096 - WARNING - Нет информации о метро для квартиры на странице 1
2024-10-24 21:48:38,097 - WARNING - Отсутствуют данные 'total_floors' на странице 1 для квартиры.
2024-10-24 21:48:38,097 - WARNING - Отсутствуют данные 'square' на странице 1 для квартиры.
2024-10-24 21:48:38,097 - WARNING - Отсутствуют данные 'kitchen_square' на странице 1 для квартиры.
2024-10-24 21:48:38,097 - WARNING - Нет информации о метро для квартиры на странице 1
2024-10-24 21:48:38,097 - WARNING - Отсутствуют данные 'total_floors' на странице 1 для квартиры.
2024-10-24 21:48:38,097 - WARNING - Отсутствуют данные 'square' на странице 1 для квартиры.
2024-10-24 21:48:38,097 - WARNING - Отсутствуют данные 'kitchen_square' на странице 1 для квартиры.
2024-10-24 21:48:38,098 - WARNING - Нет информации о метро для квартиры на странице 1
2024-10-24 21:48:38,098 - WARNING - Отсутствуют данные 'total_floors' на странице 1 для квартиры.
2024-10-24 21:48:38,098 - WARNING - Отсутствуют данные 'square' на странице 1 для квартиры.
2024-10-24 21:48:38,098 - WARNING - Отсутствуют данные 'kitchen_square' на странице 1 для квартиры.
2024-10-24 21:48:38,098 - WARNING - Нет информации о метро для квартиры на странице 1
2024-10-24 21:48:38,099 - WARNING - Отсутствуют данные 'total_floors' на странице 1 для квартиры.
2024-10-24 21:48:38,099 - WARNING - Отсутствуют данные 'square' на странице 1 для квартиры.
2024-10-24 21:48:38,099 - WARNING - Отсутствуют данные 'kitchen_square' на странице 1 для квартиры.
2024-10-24 21:48:38,099 - WARNING - Нет информации о метро для квартиры на странице 1
2024-10-24 21:48:38,099 - WARNING - Отсутствуют данные 'total_floors' на странице 1 для квартиры.
2024-10-24 21:48:38,100 - WARNING - Отсутствуют данные 'square' на странице 1 для квартиры.
2024-10-24 21:48:38,100 - WARNING - Отсутствуют данные 'kitchen_square' на странице 1 для квартиры.
2024-10-24 21:48:38,100 - WARNING - Нет информации о метро для квартиры на странице 1
2024-10-24 21:48:38,100 - WARNING - Отсутствуют данные 'total_floors' на странице 1 для квартиры.
2024-10-24 21:48:38,101 - WARNING - Отсутствуют данные 'square' на странице 1 для квартиры.
2024-10-24 21:48:38,101 - WARNING - Отсутствуют данные 'kitchen_square' на странице 1 для квартиры.
2024-10-24 21:48:38,101 - WARNING - Нет информации о метро для квартиры на странице 1
2024-10-24 21:48:38,101 - WARNING - Отсутствуют данные 'total_floors' на странице 1 для квартиры.
2024-10-24 21:48:38,102 - WARNING - Отсутствуют данные 'square' на странице 1 для квартиры.
2024-10-24 21:48:38,102 - WARNING - Отсутствуют данные 'kitchen_square' на странице 1 для квартиры.
2024-10-24 21:48:38,102 - WARNING - Нет информации о метро для квартиры на странице 1
2024-10-24 21:48:38,102 - WARNING - Отсутствуют данные 'total_floors' на странице 1 для квартиры.
2024-10-24 21:48:38,102 - WARNING - Отсутствуют данные 'square' на странице 1 для квартиры.
2024-10-24 21:48:38,102 - WARNING - Отсутствуют данные 'kitchen_square' на странице 1 для квартиры.
2024-10-24 21:48:38,103 - INFO - Успешно сохранено 28 объектов в файл zxc.csv.
2024-10-24 21:48:41,934 - INFO - Парсинг завершён.
